<?xml version="1.0" encoding="UTF-8"?>
<testsuite xmlns:xsi="http://www.w3.org/2001/XMLSchema-instance" xsi:noNamespaceSchemaLocation="https://maven.apache.org/surefire/maven-surefire-plugin/xsd/surefire-test-report.xsd" name="com.sw.chater11.Chater11ApplicationTests" time="1.047" tests="1" errors="0" skipped="0" failures="0">
  <properties>
    <property name="sun.desktop" value="windows"/>
    <property name="awt.toolkit" value="sun.awt.windows.WToolkit"/>
    <property name="file.encoding.pkg" value="sun.io"/>
    <property name="java.specification.version" value="1.8"/>
    <property name="sun.cpu.isalist" value="amd64"/>
    <property name="sun.jnu.encoding" value="GBK"/>
    <property name="java.class.path" value="F:\spring_boot_chapter\chater1-1\target\test-classes;F:\spring_boot_chapter\chater1-1\target\classes;E:\maven_resp\org\springframework\boot\spring-boot-starter-actuator\2.2.2.RELEASE\spring-boot-starter-actuator-2.2.2.RELEASE.jar;E:\maven_resp\org\springframework\boot\spring-boot-starter\2.2.2.RELEASE\spring-boot-starter-2.2.2.RELEASE.jar;E:\maven_resp\org\springframework\boot\spring-boot\2.2.2.RELEASE\spring-boot-2.2.2.RELEASE.jar;E:\maven_resp\org\springframework\boot\spring-boot-autoconfigure\2.2.2.RELEASE\spring-boot-autoconfigure-2.2.2.RELEASE.jar;E:\maven_resp\org\springframework\boot\spring-boot-starter-logging\2.2.2.RELEASE\spring-boot-starter-logging-2.2.2.RELEASE.jar;E:\maven_resp\ch\qos\logback\logback-classic\1.2.3\logback-classic-1.2.3.jar;E:\maven_resp\ch\qos\logback\logback-core\1.2.3\logback-core-1.2.3.jar;E:\maven_resp\org\apache\logging\log4j\log4j-to-slf4j\2.12.1\log4j-to-slf4j-2.12.1.jar;E:\maven_resp\org\apache\logging\log4j\log4j-api\2.12.1\log4j-api-2.12.1.jar;E:\maven_resp\org\slf4j\jul-to-slf4j\1.7.29\jul-to-slf4j-1.7.29.jar;E:\maven_resp\jakarta\annotation\jakarta.annotation-api\1.3.5\jakarta.annotation-api-1.3.5.jar;E:\maven_resp\org\yaml\snakeyaml\1.25\snakeyaml-1.25.jar;E:\maven_resp\org\springframework\boot\spring-boot-actuator-autoconfigure\2.2.2.RELEASE\spring-boot-actuator-autoconfigure-2.2.2.RELEASE.jar;E:\maven_resp\org\springframework\boot\spring-boot-actuator\2.2.2.RELEASE\spring-boot-actuator-2.2.2.RELEASE.jar;E:\maven_resp\com\fasterxml\jackson\core\jackson-databind\2.10.1\jackson-databind-2.10.1.jar;E:\maven_resp\com\fasterxml\jackson\core\jackson-annotations\2.10.1\jackson-annotations-2.10.1.jar;E:\maven_resp\com\fasterxml\jackson\core\jackson-core\2.10.1\jackson-core-2.10.1.jar;E:\maven_resp\org\springframework\spring-context\5.2.2.RELEASE\spring-context-5.2.2.RELEASE.jar;E:\maven_resp\com\fasterxml\jackson\datatype\jackson-datatype-jsr310\2.10.1\jackson-datatype-jsr310-2.10.1.jar;E:\maven_resp\io\micrometer\micrometer-core\1.3.1\micrometer-core-1.3.1.jar;E:\maven_resp\org\hdrhistogram\HdrHistogram\2.1.11\HdrHistogram-2.1.11.jar;E:\maven_resp\org\latencyutils\LatencyUtils\2.0.3\LatencyUtils-2.0.3.jar;E:\maven_resp\org\springframework\boot\spring-boot-starter-web\2.2.2.RELEASE\spring-boot-starter-web-2.2.2.RELEASE.jar;E:\maven_resp\org\springframework\boot\spring-boot-starter-json\2.2.2.RELEASE\spring-boot-starter-json-2.2.2.RELEASE.jar;E:\maven_resp\com\fasterxml\jackson\datatype\jackson-datatype-jdk8\2.10.1\jackson-datatype-jdk8-2.10.1.jar;E:\maven_resp\com\fasterxml\jackson\module\jackson-module-parameter-names\2.10.1\jackson-module-parameter-names-2.10.1.jar;E:\maven_resp\org\springframework\boot\spring-boot-starter-tomcat\2.2.2.RELEASE\spring-boot-starter-tomcat-2.2.2.RELEASE.jar;E:\maven_resp\org\apache\tomcat\embed\tomcat-embed-core\9.0.29\tomcat-embed-core-9.0.29.jar;E:\maven_resp\org\apache\tomcat\embed\tomcat-embed-el\9.0.29\tomcat-embed-el-9.0.29.jar;E:\maven_resp\org\apache\tomcat\embed\tomcat-embed-websocket\9.0.29\tomcat-embed-websocket-9.0.29.jar;E:\maven_resp\org\springframework\boot\spring-boot-starter-validation\2.2.2.RELEASE\spring-boot-starter-validation-2.2.2.RELEASE.jar;E:\maven_resp\jakarta\validation\jakarta.validation-api\2.0.1\jakarta.validation-api-2.0.1.jar;E:\maven_resp\org\hibernate\validator\hibernate-validator\6.0.18.Final\hibernate-validator-6.0.18.Final.jar;E:\maven_resp\org\jboss\logging\jboss-logging\3.4.1.Final\jboss-logging-3.4.1.Final.jar;E:\maven_resp\com\fasterxml\classmate\1.5.1\classmate-1.5.1.jar;E:\maven_resp\org\springframework\spring-web\5.2.2.RELEASE\spring-web-5.2.2.RELEASE.jar;E:\maven_resp\org\springframework\spring-beans\5.2.2.RELEASE\spring-beans-5.2.2.RELEASE.jar;E:\maven_resp\org\springframework\spring-webmvc\5.2.2.RELEASE\spring-webmvc-5.2.2.RELEASE.jar;E:\maven_resp\org\springframework\spring-aop\5.2.2.RELEASE\spring-aop-5.2.2.RELEASE.jar;E:\maven_resp\org\springframework\spring-expression\5.2.2.RELEASE\spring-expression-5.2.2.RELEASE.jar;E:\maven_resp\org\springframework\boot\spring-boot-starter-test\2.2.2.RELEASE\spring-boot-starter-test-2.2.2.RELEASE.jar;E:\maven_resp\org\springframework\boot\spring-boot-test\2.2.2.RELEASE\spring-boot-test-2.2.2.RELEASE.jar;E:\maven_resp\org\springframework\boot\spring-boot-test-autoconfigure\2.2.2.RELEASE\spring-boot-test-autoconfigure-2.2.2.RELEASE.jar;E:\maven_resp\com\jayway\jsonpath\json-path\2.4.0\json-path-2.4.0.jar;E:\maven_resp\net\minidev\json-smart\2.3\json-smart-2.3.jar;E:\maven_resp\net\minidev\accessors-smart\1.2\accessors-smart-1.2.jar;E:\maven_resp\org\ow2\asm\asm\5.0.4\asm-5.0.4.jar;E:\maven_resp\org\slf4j\slf4j-api\1.7.29\slf4j-api-1.7.29.jar;E:\maven_resp\jakarta\xml\bind\jakarta.xml.bind-api\2.3.2\jakarta.xml.bind-api-2.3.2.jar;E:\maven_resp\jakarta\activation\jakarta.activation-api\1.2.1\jakarta.activation-api-1.2.1.jar;E:\maven_resp\org\junit\jupiter\junit-jupiter\5.5.2\junit-jupiter-5.5.2.jar;E:\maven_resp\org\junit\jupiter\junit-jupiter-api\5.5.2\junit-jupiter-api-5.5.2.jar;E:\maven_resp\org\opentest4j\opentest4j\1.2.0\opentest4j-1.2.0.jar;E:\maven_resp\org\junit\platform\junit-platform-commons\1.5.2\junit-platform-commons-1.5.2.jar;E:\maven_resp\org\junit\jupiter\junit-jupiter-params\5.5.2\junit-jupiter-params-5.5.2.jar;E:\maven_resp\org\junit\jupiter\junit-jupiter-engine\5.5.2\junit-jupiter-engine-5.5.2.jar;E:\maven_resp\org\junit\vintage\junit-vintage-engine\5.5.2\junit-vintage-engine-5.5.2.jar;E:\maven_resp\org\apiguardian\apiguardian-api\1.1.0\apiguardian-api-1.1.0.jar;E:\maven_resp\org\junit\platform\junit-platform-engine\1.5.2\junit-platform-engine-1.5.2.jar;E:\maven_resp\junit\junit\4.12\junit-4.12.jar;E:\maven_resp\org\mockito\mockito-junit-jupiter\3.1.0\mockito-junit-jupiter-3.1.0.jar;E:\maven_resp\org\assertj\assertj-core\3.13.2\assertj-core-3.13.2.jar;E:\maven_resp\org\hamcrest\hamcrest\2.1\hamcrest-2.1.jar;E:\maven_resp\org\mockito\mockito-core\3.1.0\mockito-core-3.1.0.jar;E:\maven_resp\net\bytebuddy\byte-buddy\1.10.4\byte-buddy-1.10.4.jar;E:\maven_resp\net\bytebuddy\byte-buddy-agent\1.10.4\byte-buddy-agent-1.10.4.jar;E:\maven_resp\org\objenesis\objenesis\2.6\objenesis-2.6.jar;E:\maven_resp\org\skyscreamer\jsonassert\1.5.0\jsonassert-1.5.0.jar;E:\maven_resp\com\vaadin\external\google\android-json\0.0.20131108.vaadin1\android-json-0.0.20131108.vaadin1.jar;E:\maven_resp\org\springframework\spring-core\5.2.2.RELEASE\spring-core-5.2.2.RELEASE.jar;E:\maven_resp\org\springframework\spring-jcl\5.2.2.RELEASE\spring-jcl-5.2.2.RELEASE.jar;E:\maven_resp\org\springframework\spring-test\5.2.2.RELEASE\spring-test-5.2.2.RELEASE.jar;E:\maven_resp\org\xmlunit\xmlunit-core\2.6.3\xmlunit-core-2.6.3.jar;"/>
    <property name="java.vm.vendor" value="Oracle Corporation"/>
    <property name="sun.arch.data.model" value="64"/>
    <property name="user.variant" value=""/>
    <property name="java.vendor.url" value="http://java.oracle.com/"/>
    <property name="user.timezone" value="Asia/Shanghai"/>
    <property name="java.vm.specification.version" value="1.8"/>
    <property name="os.name" value="Windows 10"/>
    <property name="user.country" value="CN"/>
    <property name="sun.java.launcher" value="SUN_STANDARD"/>
    <property name="sun.boot.library.path" value="C:\Program Files\Java\jdk1.8.0_212\jre\bin"/>
    <property name="sun.java.command" value="C:\Users\songw\AppData\Local\Temp\surefire4026622610662112884\surefirebooter4537609411900846396.jar C:\Users\songw\AppData\Local\Temp\surefire4026622610662112884 2019-12-14T22-54-23_457-jvmRun1 surefire5977118823540237612tmp surefire_05688621590493489474tmp"/>
    <property name="surefire.test.class.path" value="F:\spring_boot_chapter\chater1-1\target\test-classes;F:\spring_boot_chapter\chater1-1\target\classes;E:\maven_resp\org\springframework\boot\spring-boot-starter-actuator\2.2.2.RELEASE\spring-boot-starter-actuator-2.2.2.RELEASE.jar;E:\maven_resp\org\springframework\boot\spring-boot-starter\2.2.2.RELEASE\spring-boot-starter-2.2.2.RELEASE.jar;E:\maven_resp\org\springframework\boot\spring-boot\2.2.2.RELEASE\spring-boot-2.2.2.RELEASE.jar;E:\maven_resp\org\springframework\boot\spring-boot-autoconfigure\2.2.2.RELEASE\spring-boot-autoconfigure-2.2.2.RELEASE.jar;E:\maven_resp\org\springframework\boot\spring-boot-starter-logging\2.2.2.RELEASE\spring-boot-starter-logging-2.2.2.RELEASE.jar;E:\maven_resp\ch\qos\logback\logback-classic\1.2.3\logback-classic-1.2.3.jar;E:\maven_resp\ch\qos\logback\logback-core\1.2.3\logback-core-1.2.3.jar;E:\maven_resp\org\apache\logging\log4j\log4j-to-slf4j\2.12.1\log4j-to-slf4j-2.12.1.jar;E:\maven_resp\org\apache\logging\log4j\log4j-api\2.12.1\log4j-api-2.12.1.jar;E:\maven_resp\org\slf4j\jul-to-slf4j\1.7.29\jul-to-slf4j-1.7.29.jar;E:\maven_resp\jakarta\annotation\jakarta.annotation-api\1.3.5\jakarta.annotation-api-1.3.5.jar;E:\maven_resp\org\yaml\snakeyaml\1.25\snakeyaml-1.25.jar;E:\maven_resp\org\springframework\boot\spring-boot-actuator-autoconfigure\2.2.2.RELEASE\spring-boot-actuator-autoconfigure-2.2.2.RELEASE.jar;E:\maven_resp\org\springframework\boot\spring-boot-actuator\2.2.2.RELEASE\spring-boot-actuator-2.2.2.RELEASE.jar;E:\maven_resp\com\fasterxml\jackson\core\jackson-databind\2.10.1\jackson-databind-2.10.1.jar;E:\maven_resp\com\fasterxml\jackson\core\jackson-annotations\2.10.1\jackson-annotations-2.10.1.jar;E:\maven_resp\com\fasterxml\jackson\core\jackson-core\2.10.1\jackson-core-2.10.1.jar;E:\maven_resp\org\springframework\spring-context\5.2.2.RELEASE\spring-context-5.2.2.RELEASE.jar;E:\maven_resp\com\fasterxml\jackson\datatype\jackson-datatype-jsr310\2.10.1\jackson-datatype-jsr310-2.10.1.jar;E:\maven_resp\io\micrometer\micrometer-core\1.3.1\micrometer-core-1.3.1.jar;E:\maven_resp\org\hdrhistogram\HdrHistogram\2.1.11\HdrHistogram-2.1.11.jar;E:\maven_resp\org\latencyutils\LatencyUtils\2.0.3\LatencyUtils-2.0.3.jar;E:\maven_resp\org\springframework\boot\spring-boot-starter-web\2.2.2.RELEASE\spring-boot-starter-web-2.2.2.RELEASE.jar;E:\maven_resp\org\springframework\boot\spring-boot-starter-json\2.2.2.RELEASE\spring-boot-starter-json-2.2.2.RELEASE.jar;E:\maven_resp\com\fasterxml\jackson\datatype\jackson-datatype-jdk8\2.10.1\jackson-datatype-jdk8-2.10.1.jar;E:\maven_resp\com\fasterxml\jackson\module\jackson-module-parameter-names\2.10.1\jackson-module-parameter-names-2.10.1.jar;E:\maven_resp\org\springframework\boot\spring-boot-starter-tomcat\2.2.2.RELEASE\spring-boot-starter-tomcat-2.2.2.RELEASE.jar;E:\maven_resp\org\apache\tomcat\embed\tomcat-embed-core\9.0.29\tomcat-embed-core-9.0.29.jar;E:\maven_resp\org\apache\tomcat\embed\tomcat-embed-el\9.0.29\tomcat-embed-el-9.0.29.jar;E:\maven_resp\org\apache\tomcat\embed\tomcat-embed-websocket\9.0.29\tomcat-embed-websocket-9.0.29.jar;E:\maven_resp\org\springframework\boot\spring-boot-starter-validation\2.2.2.RELEASE\spring-boot-starter-validation-2.2.2.RELEASE.jar;E:\maven_resp\jakarta\validation\jakarta.validation-api\2.0.1\jakarta.validation-api-2.0.1.jar;E:\maven_resp\org\hibernate\validator\hibernate-validator\6.0.18.Final\hibernate-validator-6.0.18.Final.jar;E:\maven_resp\org\jboss\logging\jboss-logging\3.4.1.Final\jboss-logging-3.4.1.Final.jar;E:\maven_resp\com\fasterxml\classmate\1.5.1\classmate-1.5.1.jar;E:\maven_resp\org\springframework\spring-web\5.2.2.RELEASE\spring-web-5.2.2.RELEASE.jar;E:\maven_resp\org\springframework\spring-beans\5.2.2.RELEASE\spring-beans-5.2.2.RELEASE.jar;E:\maven_resp\org\springframework\spring-webmvc\5.2.2.RELEASE\spring-webmvc-5.2.2.RELEASE.jar;E:\maven_resp\org\springframework\spring-aop\5.2.2.RELEASE\spring-aop-5.2.2.RELEASE.jar;E:\maven_resp\org\springframework\spring-expression\5.2.2.RELEASE\spring-expression-5.2.2.RELEASE.jar;E:\maven_resp\org\springframework\boot\spring-boot-starter-test\2.2.2.RELEASE\spring-boot-starter-test-2.2.2.RELEASE.jar;E:\maven_resp\org\springframework\boot\spring-boot-test\2.2.2.RELEASE\spring-boot-test-2.2.2.RELEASE.jar;E:\maven_resp\org\springframework\boot\spring-boot-test-autoconfigure\2.2.2.RELEASE\spring-boot-test-autoconfigure-2.2.2.RELEASE.jar;E:\maven_resp\com\jayway\jsonpath\json-path\2.4.0\json-path-2.4.0.jar;E:\maven_resp\net\minidev\json-smart\2.3\json-smart-2.3.jar;E:\maven_resp\net\minidev\accessors-smart\1.2\accessors-smart-1.2.jar;E:\maven_resp\org\ow2\asm\asm\5.0.4\asm-5.0.4.jar;E:\maven_resp\org\slf4j\slf4j-api\1.7.29\slf4j-api-1.7.29.jar;E:\maven_resp\jakarta\xml\bind\jakarta.xml.bind-api\2.3.2\jakarta.xml.bind-api-2.3.2.jar;E:\maven_resp\jakarta\activation\jakarta.activation-api\1.2.1\jakarta.activation-api-1.2.1.jar;E:\maven_resp\org\junit\jupiter\junit-jupiter\5.5.2\junit-jupiter-5.5.2.jar;E:\maven_resp\org\junit\jupiter\junit-jupiter-api\5.5.2\junit-jupiter-api-5.5.2.jar;E:\maven_resp\org\opentest4j\opentest4j\1.2.0\opentest4j-1.2.0.jar;E:\maven_resp\org\junit\platform\junit-platform-commons\1.5.2\junit-platform-commons-1.5.2.jar;E:\maven_resp\org\junit\jupiter\junit-jupiter-params\5.5.2\junit-jupiter-params-5.5.2.jar;E:\maven_resp\org\junit\jupiter\junit-jupiter-engine\5.5.2\junit-jupiter-engine-5.5.2.jar;E:\maven_resp\org\junit\vintage\junit-vintage-engine\5.5.2\junit-vintage-engine-5.5.2.jar;E:\maven_resp\org\apiguardian\apiguardian-api\1.1.0\apiguardian-api-1.1.0.jar;E:\maven_resp\org\junit\platform\junit-platform-engine\1.5.2\junit-platform-engine-1.5.2.jar;E:\maven_resp\junit\junit\4.12\junit-4.12.jar;E:\maven_resp\org\mockito\mockito-junit-jupiter\3.1.0\mockito-junit-jupiter-3.1.0.jar;E:\maven_resp\org\assertj\assertj-core\3.13.2\assertj-core-3.13.2.jar;E:\maven_resp\org\hamcrest\hamcrest\2.1\hamcrest-2.1.jar;E:\maven_resp\org\mockito\mockito-core\3.1.0\mockito-core-3.1.0.jar;E:\maven_resp\net\bytebuddy\byte-buddy\1.10.4\byte-buddy-1.10.4.jar;E:\maven_resp\net\bytebuddy\byte-buddy-agent\1.10.4\byte-buddy-agent-1.10.4.jar;E:\maven_resp\org\objenesis\objenesis\2.6\objenesis-2.6.jar;E:\maven_resp\org\skyscreamer\jsonassert\1.5.0\jsonassert-1.5.0.jar;E:\maven_resp\com\vaadin\external\google\android-json\0.0.20131108.vaadin1\android-json-0.0.20131108.vaadin1.jar;E:\maven_resp\org\springframework\spring-core\5.2.2.RELEASE\spring-core-5.2.2.RELEASE.jar;E:\maven_resp\org\springframework\spring-jcl\5.2.2.RELEASE\spring-jcl-5.2.2.RELEASE.jar;E:\maven_resp\org\springframework\spring-test\5.2.2.RELEASE\spring-test-5.2.2.RELEASE.jar;E:\maven_resp\org\xmlunit\xmlunit-core\2.6.3\xmlunit-core-2.6.3.jar;"/>
    <property name="sun.cpu.endian" value="little"/>
    <property name="user.home" value="C:\Users\songw"/>
    <property name="user.language" value="zh"/>
    <property name="java.specification.vendor" value="Oracle Corporation"/>
    <property name="java.home" value="C:\Program Files\Java\jdk1.8.0_212\jre"/>
    <property name="basedir" value="F:\spring_boot_chapter\chater1-1"/>
    <property name="file.separator" value="\"/>
    <property name="line.separator" value="&#10;"/>
    <property name="java.vm.specification.vendor" value="Oracle Corporation"/>
    <property name="java.specification.name" value="Java Platform API Specification"/>
    <property name="java.awt.graphicsenv" value="sun.awt.Win32GraphicsEnvironment"/>
    <property name="surefire.real.class.path" value="C:\Users\songw\AppData\Local\Temp\surefire4026622610662112884\surefirebooter4537609411900846396.jar"/>
    <property name="sun.boot.class.path" value="C:\Program Files\Java\jdk1.8.0_212\jre\lib\resources.jar;C:\Program Files\Java\jdk1.8.0_212\jre\lib\rt.jar;C:\Program Files\Java\jdk1.8.0_212\jre\lib\sunrsasign.jar;C:\Program Files\Java\jdk1.8.0_212\jre\lib\jsse.jar;C:\Program Files\Java\jdk1.8.0_212\jre\lib\jce.jar;C:\Program Files\Java\jdk1.8.0_212\jre\lib\charsets.jar;C:\Program Files\Java\jdk1.8.0_212\jre\lib\jfr.jar;C:\Program Files\Java\jdk1.8.0_212\jre\classes"/>
    <property name="user.script" value=""/>
    <property name="sun.management.compiler" value="HotSpot 64-Bit Tiered Compilers"/>
    <property name="java.runtime.version" value="1.8.0_212-b10"/>
    <property name="user.name" value="songw"/>
    <property name="path.separator" value=";"/>
    <property name="os.version" value="10.0"/>
    <property name="java.endorsed.dirs" value="C:\Program Files\Java\jdk1.8.0_212\jre\lib\endorsed"/>
    <property name="java.runtime.name" value="Java(TM) SE Runtime Environment"/>
    <property name="file.encoding" value="GBK"/>
    <property name="java.vm.name" value="Java HotSpot(TM) 64-Bit Server VM"/>
    <property name="localRepository" value="E:\maven_resp"/>
    <property name="java.vendor.url.bug" value="http://bugreport.sun.com/bugreport/"/>
    <property name="java.io.tmpdir" value="C:\Users\songw\AppData\Local\Temp\"/>
    <property name="java.version" value="1.8.0_212"/>
    <property name="user.dir" value="F:\spring_boot_chapter\chater1-1"/>
    <property name="os.arch" value="amd64"/>
    <property name="java.vm.specification.name" value="Java Virtual Machine Specification"/>
    <property name="java.awt.printerjob" value="sun.awt.windows.WPrinterJob"/>
    <property name="sun.os.patch.level" value=""/>
    <property name="java.library.path" value="C:\Program Files\Java\jdk1.8.0_212\jre\bin;C:\WINDOWS\Sun\Java\bin;C:\WINDOWS\system32;C:\WINDOWS;C:\Python\Scripts\;C:\Python\;C:\Program Files (x86)\Common Files\Oracle\Java\javapath;C:\WINDOWS\system32;C:\WINDOWS;C:\WINDOWS\System32\Wbem;C:\WINDOWS\System32\WindowsPowerShell\v1.0\;C:\WINDOWS\System32\OpenSSH\;C:\Program Files\Java\jdk1.8.0_212\bin;D:\apache-maven-3.6.1\bin;C:\Users\songw\AppData\Local\Microsoft\WindowsApps;;C:\Program Files\JetBrains\IntelliJ IDEA 2019.2\bin;;."/>
    <property name="java.vm.info" value="mixed mode"/>
    <property name="java.vendor" value="Oracle Corporation"/>
    <property name="java.vm.version" value="25.212-b10"/>
    <property name="java.ext.dirs" value="C:\Program Files\Java\jdk1.8.0_212\jre\lib\ext;C:\WINDOWS\Sun\Java\lib\ext"/>
    <property name="sun.io.unicode.encoding" value="UnicodeLittle"/>
    <property name="java.class.version" value="52.0"/>
  </properties>
  <testcase name="getHello" classname="com.sw.chater11.Chater11ApplicationTests" time="1.04"/>
</testsuite>